<?xml version="1.0" encoding="UTF-8"?>
<!-- Generated by org.testng.reporters.JUnitReportReporter -->
<testsuite skipped="0" hostname="DESKTOP-U5HND20" name="qaclickacademy.Mavenjava.SeleniumTest" tests="2" failures="0" timestamp="2020-08-11T13:11:03 CEST" time="0.011" errors="0">
  <testcase name="elementsUi" time="0.004" classname="qaclickacademy.Mavenjava.SeleniumTest"/>
  <system-out/>
  <testcase name="BrowserAutomation" time="0.007" classname="qaclickacademy.Mavenjava.SeleniumTest"/>
  <system-out/>
</testsuite> <!-- qaclickacademy.Mavenjava.SeleniumTest -->
