<?xml version="1.0" encoding="UTF-8"?>
<!-- Generated by org.testng.reporters.JUnitReportReporter -->
<testsuite skipped="0" hostname="DESKTOP-U5HND20" name="qaclickacademy.Mavenjava.RestAPITest" tests="2" failures="0" timestamp="2020-08-11T13:11:03 CEST" time="0.025" errors="0">
  <testcase name="postJira" time="0.003" classname="qaclickacademy.Mavenjava.RestAPITest"/>
  <system-out/>
  <testcase name="deleteTwitter" time="0.022" classname="qaclickacademy.Mavenjava.RestAPITest"/>
  <system-out/>
</testsuite> <!-- qaclickacademy.Mavenjava.RestAPITest -->
