<?xml version="1.0" encoding="UTF-8"?>
<!-- Generated by org.testng.reporters.JUnitReportReporter -->
<testsuite skipped="0" hostname="DESKTOP-U5HND20" name="qaclickacademy.Mavenjava.AppiumTest" tests="2" failures="0" timestamp="2020-08-11T13:11:03 CEST" time="0.008" errors="0">
  <testcase name="IOSApps" time="0.003" classname="qaclickacademy.Mavenjava.AppiumTest"/>
  <system-out/>
  <testcase name="NativeAPPAndroid" time="0.005" classname="qaclickacademy.Mavenjava.AppiumTest"/>
  <system-out/>
</testsuite> <!-- qaclickacademy.Mavenjava.AppiumTest -->
